2025-06-08 21:39:58.513 [info] Started local extension host with pid 6860.
2025-06-08 21:39:58.568 [info] Started initializing default profile extensions in extensions installation folder. file:///home/kalli/.vscode-oss/extensions
2025-06-08 21:39:58.764 [info] ComputeTargetPlatform: linux-x64
2025-06-08 21:39:58.851 [info] Completed initializing default profile extensions in extensions installation folder. file:///home/kalli/.vscode-oss/extensions
2025-06-08 21:39:58.865 [info] ChatSessionStore: Migrating 0 chat sessions from storage service to file system
2025-06-08 21:40:02.262 [info] [perf] Render performance baseline is 219ms
2025-06-08 21:40:20.208 [error] SignatureVerificationInternal: Signature verification failed with 'UnhandledException' error.
    at yh.xb (file:///usr/lib/code/out/vs/code/electron-utility/sharedProcess/sharedProcessMain.js:74:64415)
    at async yh.wb (file:///usr/lib/code/out/vs/code/electron-utility/sharedProcess/sharedProcessMain.js:74:62886)
2025-06-08 21:40:20.240 [error] Signature verification failed with 'UnhandledException' error.: SignatureVerificationInternal: Signature verification failed with 'UnhandledException' error.
    at yh.xb (file:///usr/lib/code/out/vs/code/electron-utility/sharedProcess/sharedProcessMain.js:74:64415)
    at async yh.wb (file:///usr/lib/code/out/vs/code/electron-utility/sharedProcess/sharedProcessMain.js:74:62886)
2025-06-08 21:40:57.607 [info] Started local extension host with pid 7072.
2025-06-08 21:40:58.046 [info] ComputeTargetPlatform: linux-x64
2025-06-08 21:40:58.059 [info] ChatSessionStore: Migrating 0 chat sessions from storage service to file system
2025-06-08 21:41:00.553 [info] [perf] Render performance baseline is 218ms
2025-06-08 22:34:48.306 [error] SignatureVerificationInternal: Signature verification failed with 'UnhandledException' error.
    at yh.xb (file:///usr/lib/code/out/vs/code/electron-utility/sharedProcess/sharedProcessMain.js:74:64415)
    at async yh.wb (file:///usr/lib/code/out/vs/code/electron-utility/sharedProcess/sharedProcessMain.js:74:62886)
2025-06-08 22:34:48.319 [error] Signature verification failed with 'UnhandledException' error.: SignatureVerificationInternal: Signature verification failed with 'UnhandledException' error.
    at yh.xb (file:///usr/lib/code/out/vs/code/electron-utility/sharedProcess/sharedProcessMain.js:74:64415)
    at async yh.wb (file:///usr/lib/code/out/vs/code/electron-utility/sharedProcess/sharedProcessMain.js:74:62886)
2025-06-08 22:36:38.133 [error] SignatureVerificationInternal: Signature verification failed with 'UnhandledException' error.
    at yh.xb (file:///usr/lib/code/out/vs/code/electron-utility/sharedProcess/sharedProcessMain.js:74:64415)
    at async yh.wb (file:///usr/lib/code/out/vs/code/electron-utility/sharedProcess/sharedProcessMain.js:74:62886)
2025-06-08 22:36:38.147 [error] Signature verification failed with 'UnhandledException' error.: SignatureVerificationInternal: Signature verification failed with 'UnhandledException' error.
    at yh.xb (file:///usr/lib/code/out/vs/code/electron-utility/sharedProcess/sharedProcessMain.js:74:64415)
    at async yh.wb (file:///usr/lib/code/out/vs/code/electron-utility/sharedProcess/sharedProcessMain.js:74:62886)
2025-06-08 22:36:43.133 [error] An unknown error occurred. Please consult the log for more details.
