2025-06-08 21:39:59.076 [info] ComputeTargetPlatform: linux-x64
2025-06-08 21:40:08.210 [info] ComputeTargetPlatform: linux-x64
2025-06-08 21:40:18.344 [info] Getting Manifest... sainnhe.everforest
2025-06-08 21:40:18.996 [info] Installing extension: sainnhe.everforest {"isMachineScoped":false,"installPreReleaseVersion":false,"pinned":false,"profileLocation":{"$mid":1,"external":"vscode-userdata:/home/kalli/.vscode-oss/extensions/extensions.json","path":"/home/kalli/.vscode-oss/extensions/extensions.json","scheme":"vscode-userdata"},"isApplicationScoped":false,"productVersion":{"version":"1.100.2","date":"2025-05-21T09:36:24.436Z"}}
2025-06-08 21:40:20.134 [info] Extension signature verification result for sainnhe.everforest: UnhandledException. Internal Code: 6. Executed: true. Duration: 426ms.
2025-06-08 21:40:20.141 [error] Error while installing the extension sainnhe.everforest Signature verification failed with 'UnhandledException' error. vscode-userdata:/home/kalli/.vscode-oss/extensions/extensions.json
2025-06-08 21:40:20.144 [error] [uncaught exception in sharedProcess]: Signature verification failed with 'UnhandledException' error.: SignatureVerificationInternal: Signature verification failed with 'UnhandledException' error.
    at yh.xb (file:///usr/lib/code/out/vs/code/electron-utility/sharedProcess/sharedProcessMain.js:74:64415)
    at async yh.wb (file:///usr/lib/code/out/vs/code/electron-utility/sharedProcess/sharedProcessMain.js:74:62886)
2025-06-08 21:40:23.923 [info] Getting Manifest... sainnhe.everforest
2025-06-08 21:40:24.094 [info] Installing extension: sainnhe.everforest {"isMachineScoped":false,"installPreReleaseVersion":false,"pinned":false,"donotVerifySignature":true,"profileLocation":{"$mid":1,"external":"vscode-userdata:/home/kalli/.vscode-oss/extensions/extensions.json","path":"/home/kalli/.vscode-oss/extensions/extensions.json","scheme":"vscode-userdata"},"isApplicationScoped":false,"productVersion":{"version":"1.100.2","date":"2025-05-21T09:36:24.436Z"}}
2025-06-08 21:40:24.532 [info] Extracted extension to file:///home/kalli/.vscode-oss/extensions/sainnhe.everforest-0.3.0-universal: sainnhe.everforest
2025-06-08 21:40:24.550 [info] Renamed to /home/kalli/.vscode-oss/extensions/sainnhe.everforest-0.3.0-universal
2025-06-08 21:40:24.580 [info] Extension installed successfully: sainnhe.everforest vscode-userdata:/home/kalli/.vscode-oss/extensions/extensions.json
2025-06-08 22:34:45.977 [info] Getting Manifest... asvetliakov.vscode-neovim
2025-06-08 22:34:46.885 [info] Installing extension: asvetliakov.vscode-neovim {"isMachineScoped":false,"installPreReleaseVersion":false,"pinned":false,"profileLocation":{"$mid":1,"external":"vscode-userdata:/home/kalli/.vscode-oss/extensions/extensions.json","path":"/home/kalli/.vscode-oss/extensions/extensions.json","scheme":"vscode-userdata"},"isApplicationScoped":false,"productVersion":{"version":"1.100.2","date":"2025-05-21T09:36:24.436Z"}}
2025-06-08 22:34:48.252 [info] Extension signature verification result for asvetliakov.vscode-neovim: UnhandledException. Internal Code: 6. Executed: true. Duration: 438ms.
2025-06-08 22:34:48.257 [error] Error while installing the extension asvetliakov.vscode-neovim Signature verification failed with 'UnhandledException' error. vscode-userdata:/home/kalli/.vscode-oss/extensions/extensions.json
2025-06-08 22:34:48.259 [error] [uncaught exception in sharedProcess]: Signature verification failed with 'UnhandledException' error.: SignatureVerificationInternal: Signature verification failed with 'UnhandledException' error.
    at yh.xb (file:///usr/lib/code/out/vs/code/electron-utility/sharedProcess/sharedProcessMain.js:74:64415)
    at async yh.wb (file:///usr/lib/code/out/vs/code/electron-utility/sharedProcess/sharedProcessMain.js:74:62886)
2025-06-08 22:34:51.199 [info] Getting Manifest... asvetliakov.vscode-neovim
2025-06-08 22:34:51.401 [info] Installing extension: asvetliakov.vscode-neovim {"isMachineScoped":false,"installPreReleaseVersion":false,"pinned":false,"donotVerifySignature":true,"profileLocation":{"$mid":1,"external":"vscode-userdata:/home/kalli/.vscode-oss/extensions/extensions.json","path":"/home/kalli/.vscode-oss/extensions/extensions.json","scheme":"vscode-userdata"},"isApplicationScoped":false,"productVersion":{"version":"1.100.2","date":"2025-05-21T09:36:24.436Z"}}
2025-06-08 22:34:51.955 [info] Extracted extension to file:///home/kalli/.vscode-oss/extensions/asvetliakov.vscode-neovim-1.18.22-universal: asvetliakov.vscode-neovim
2025-06-08 22:34:51.972 [info] Renamed to /home/kalli/.vscode-oss/extensions/asvetliakov.vscode-neovim-1.18.22-universal
2025-06-08 22:34:51.997 [info] Extension installed successfully: asvetliakov.vscode-neovim vscode-userdata:/home/kalli/.vscode-oss/extensions/extensions.json
2025-06-08 22:36:16.118 [info] Uninstalling extension from the profile: asvetliakov.vscode-neovim@1.18.22 vscode-userdata:/home/kalli/.vscode-oss/extensions/extensions.json
2025-06-08 22:36:16.153 [info] Marked extension as removed asvetliakov.vscode-neovim-1.18.22-universal
2025-06-08 22:36:16.495 [info] Successfully uninstalled extension from the profile asvetliakov.vscode-neovim@1.18.22 vscode-userdata:/home/kalli/.vscode-oss/extensions/extensions.json
2025-06-08 22:36:37.007 [info] Getting Manifest... vscodevim.vim
2025-06-08 22:36:37.198 [info] Installing extension: vscodevim.vim {"isMachineScoped":false,"installPreReleaseVersion":false,"pinned":false,"profileLocation":{"$mid":1,"external":"vscode-userdata:/home/kalli/.vscode-oss/extensions/extensions.json","path":"/home/kalli/.vscode-oss/extensions/extensions.json","scheme":"vscode-userdata"},"isApplicationScoped":false,"productVersion":{"version":"1.100.2","date":"2025-05-21T09:36:24.436Z"}}
2025-06-08 22:36:38.090 [info] Extension signature verification result for vscodevim.vim: UnhandledException. Internal Code: 6. Executed: true. Duration: 428ms.
2025-06-08 22:36:38.094 [error] Error while installing the extension vscodevim.vim Signature verification failed with 'UnhandledException' error. vscode-userdata:/home/kalli/.vscode-oss/extensions/extensions.json
2025-06-08 22:36:38.095 [error] [uncaught exception in sharedProcess]: Signature verification failed with 'UnhandledException' error.: SignatureVerificationInternal: Signature verification failed with 'UnhandledException' error.
    at yh.xb (file:///usr/lib/code/out/vs/code/electron-utility/sharedProcess/sharedProcessMain.js:74:64415)
    at async yh.wb (file:///usr/lib/code/out/vs/code/electron-utility/sharedProcess/sharedProcessMain.js:74:62886)
2025-06-08 22:36:41.020 [info] Getting Manifest... vscodevim.vim
2025-06-08 22:36:41.232 [info] Installing extension: vscodevim.vim {"isMachineScoped":false,"installPreReleaseVersion":false,"pinned":false,"donotVerifySignature":true,"profileLocation":{"$mid":1,"external":"vscode-userdata:/home/kalli/.vscode-oss/extensions/extensions.json","path":"/home/kalli/.vscode-oss/extensions/extensions.json","scheme":"vscode-userdata"},"isApplicationScoped":false,"productVersion":{"version":"1.100.2","date":"2025-05-21T09:36:24.436Z"}}
2025-06-08 22:36:41.597 [info] Extracted extension to file:///home/kalli/.vscode-oss/extensions/vscodevim.vim-1.30.1-universal: vscodevim.vim
2025-06-08 22:36:41.606 [info] Renamed to /home/kalli/.vscode-oss/extensions/vscodevim.vim-1.30.1-universal
2025-06-08 22:36:41.629 [info] Extension installed successfully: vscodevim.vim vscode-userdata:/home/kalli/.vscode-oss/extensions/extensions.json
